#
# A fatal error has been detected by the Java Runtime Environment:
#
#  EXCEPTION_ACCESS_VIOLATION (0xc0000005) at pc=0x00000000684df99e, pid=13516, tid=0x000000000000084c
#
# JRE version: OpenJDK Runtime Environment (8.0_242-b01) (build 1.8.0_242-release-1644-b01)
# Java VM: OpenJDK 64-Bit Server VM (25.242-b01 mixed mode windows-amd64 compressed oops)
# Problematic frame:
# V  [jvm.dll+0xef99e]
#
# Failed to write core dump. Minidumps are not enabled by default on client versions of Windows
#
# If you would like to submit a bug report, please visit:
#   
#

---------------  T H R E A D  ---------------

Current thread (0x0000000018296000):  VMThread [stack: 0x0000000019f70000,0x000000001a070000] [id=2124]

siginfo: ExceptionCode=0xc0000005, reading address 0x00000000000000e8

Registers:
RAX=0x0000000000000000, RBX=0x0000000084a02cf8, RCX=0x0000000100009610, RDX=0x0000000084a02cf8
RSP=0x000000001a06eb00, RBP=0x0000000084a02ce8, RSI=0x00000000032239a0, RDI=0x00000000032239a0
R8 =0x0000000100009610, R9 =0x0000000000000000, R10=0x000000000000000c, R11=0x00000000689bfa28
R12=0x0000000084a02cf4, R13=0x000000010001ba80, R14=0x000000010001ba88, R15=0x0000000084a02cd8
RIP=0x00000000684df99e, EFLAGS=0x0000000000010246

Top of Stack: (sp=0x000000001a06eb00)
0x000000001a06eb00:   000000010001b868 0000000084a02b2c
0x000000001a06eb10:   0000000000000012 00000000685e9622
0x000000001a06eb20:   0000000000000000 0000000000000000
0x000000001a06eb30:   0000000034200980 000000008490f798
0x000000001a06eb40:   00000000000000d9 00000000687b9af0
0x000000001a06eb50:   00000000194c7710 0000000000000a00
0x000000001a06eb60:   00000000032239a0 0000000018294d50
0x000000001a06eb70:   0000008300000000 0000008400000000
0x000000001a06eb80:   000000001de8e5f0 000000008490f798
0x000000001a06eb90:   0000000000000a00 00000000684de3c5
0x000000001a06eba0:   00000000194c7818 0000000083c8ae40
0x000000001a06ebb0:   000000001a06ee10 0000000034200980
0x000000001a06ebc0:   0000000034201800 0000000000000000
0x000000001a06ebd0:   0000000018294d50 0000000083c8ae58
0x000000001a06ebe0:   000000001a06ee10 00000000000083b0
0x000000001a06ebf0:   0000000034208968 00000000684b6259 

Instructions: (pc=0x00000000684df99e)
0x00000000684df97e:   48 ff c8 4c 8d 0c 10 48 f7 d0 49 c1 e9 03 48 c1
0x00000000684df98e:   e8 03 44 23 c8 eb 12 49 8b 00 48 8b d3 49 8b c8
0x00000000684df99e:   ff 90 e8 00 00 00 44 8b c8 49 63 f1 48 8d 0d 7f
0x00000000684df9ae:   f6 6d 00 48 8b d3 4c 8b c6 e8 e4 66 2d 00 84 c0 


Register to memory mapping:

RAX=0x0000000000000000 is an unknown value
RBX=
[error occurred during error reporting (printing register info), id 0xc0000005]

Stack: [0x0000000019f70000,0x000000001a070000],  sp=0x000000001a06eb00,  free space=1018k
Native frames: (J=compiled Java code, j=interpreted, Vv=VM code, C=native code)
V  [jvm.dll+0xef99e]
V  [jvm.dll+0x3c9af0]
V  [jvm.dll+0xc6259]
V  [jvm.dll+0xc6f62]
V  [jvm.dll+0xc757e]
V  [jvm.dll+0x3d0048]
V  [jvm.dll+0x3d1444]
V  [jvm.dll+0x3d53bf]
V  [jvm.dll+0x3c4fd4]
V  [jvm.dll+0x3d7946]
V  [jvm.dll+0x2275e7]
V  [jvm.dll+0x226862]
V  [jvm.dll+0x226d11]
V  [jvm.dll+0x226f40]
V  [jvm.dll+0x27276a]
C  [msvcr100.dll+0x21d9f]
C  [msvcr100.dll+0x21e3b]
C  [KERNEL32.DLL+0x17c24]
C  [ntdll.dll+0x6d4d1]

VM_Operation (0x000000002a74da70): ParallelGCFailedAllocation, mode: safepoint, requested by thread 0x0000000025607000


---------------  P R O C E S S  ---------------

Java Threads: ( => current thread )
  0x0000000025600800 JavaThread "ForkJoinPool.commonPool-worker-6" daemon [_thread_blocked, id=8528, stack(0x000000002a750000,0x000000002a850000)]
  0x0000000025607000 JavaThread "ForkJoinPool.commonPool-worker-5" daemon [_thread_blocked, id=11520, stack(0x000000002a650000,0x000000002a750000)]
  0x00000000255f9000 JavaThread "ForkJoinPool.commonPool-worker-4" daemon [_thread_blocked, id=11572, stack(0x000000002a550000,0x000000002a650000)]
  0x00000000255ff800 JavaThread "ForkJoinPool.commonPool-worker-3" daemon [_thread_blocked, id=10300, stack(0x000000002a450000,0x000000002a550000)]
  0x00000000255fd800 JavaThread "ForkJoinPool.commonPool-worker-2" daemon [_thread_blocked, id=1400, stack(0x00000000254c0000,0x00000000255c0000)]
  0x00000000255ff000 JavaThread "ForkJoinPool.commonPool-worker-1" daemon [_thread_blocked, id=18668, stack(0x00000000238c0000,0x00000000239c0000)]
  0x00000000255fe000 JavaThread "ForkJoinPool.commonPool-worker-0" daemon [_thread_blocked, id=10988, stack(0x0000000022fd0000,0x00000000230d0000)]
  0x00000000255f9800 JavaThread "Cache worker for Java compile cache (C:\Users\owner\AndroidStudioProjects\COMPASS\.gradle\6.5\javaCompile)" [_thread_blocked, id=18332, stack(0x0000000021610000,0x0000000021710000)]
  0x00000000255f2000 JavaThread "Cache worker for Java compile cache (C:\Users\owner\.gradle\caches\6.5\javaCompile)" [_thread_blocked, id=18316, stack(0x000000001e090000,0x000000001e190000)]
  0x00000000255f6800 JavaThread "RMI TCP Connection(idle)" daemon [_thread_blocked, id=17056, stack(0x000000003b430000,0x000000003b530000)]
  0x00000000255f8000 JavaThread "RMI Reaper" [_thread_blocked, id=16844, stack(0x000000003b330000,0x000000003b430000)]
  0x00000000255f3800 JavaThread "RMI TCP Accept-0" daemon [_thread_in_native, id=16832, stack(0x000000003b230000,0x000000003b330000)]
  0x00000000255f5000 JavaThread "GC Daemon" daemon [_thread_blocked, id=16732, stack(0x0000000039e30000,0x0000000039f30000)]
  0x00000000255f7800 JavaThread "RMI RenewClean-[127.0.0.1:17414,org.jetbrains.kotlin.daemon.common.LoopbackNetworkInterface$ClientLoopbackSocketFactory@4409d8c9]" daemon [_thread_blocked, id=16748, stack(0x0000000039c00000,0x0000000039d00000)]
  0x00000000255f6000 JavaThread "RMI Scheduler(0)" daemon [_thread_blocked, id=19288, stack(0x0000000037990000,0x0000000037a90000)]
  0x000000002e301800 JavaThread "stdout" daemon [_thread_in_native, id=17620, stack(0x000000003ae30000,0x000000003af30000)]
  0x000000002e300000 JavaThread "stderr" daemon [_thread_in_native, id=17484, stack(0x000000003ad30000,0x000000003ae30000)]
  0x000000002e2fe800 JavaThread "stdout" daemon [_thread_in_native, id=17576, stack(0x000000003ac30000,0x000000003ad30000)]
  0x000000002e300800 JavaThread "stderr" daemon [_thread_in_native, id=17452, stack(0x000000003ab30000,0x000000003ac30000)]
  0x000000002e2fb000 JavaThread "stdout" daemon [_thread_in_native, id=17436, stack(0x000000003aa30000,0x000000003ab30000)]
  0x000000002e2ff000 JavaThread "stderr" daemon [_thread_in_native, id=17528, stack(0x000000003a930000,0x000000003aa30000)]
  0x000000002e2fd800 JavaThread "stdout" daemon [_thread_in_native, id=17480, stack(0x000000003a830000,0x000000003a930000)]
  0x000000002e2fd000 JavaThread "stderr" daemon [_thread_in_native, id=17448, stack(0x000000003a730000,0x000000003a830000)]
  0x000000002e2fc000 JavaThread "stdout" daemon [_thread_in_native, id=17444, stack(0x000000003a630000,0x000000003a730000)]
  0x000000002e2f3800 JavaThread "stderr" daemon [_thread_in_native, id=17316, stack(0x000000003a530000,0x000000003a630000)]
  0x000000002e2f3000 JavaThread "stdout" daemon [_thread_in_native, id=17372, stack(0x000000003a430000,0x000000003a530000)]
  0x000000002e2f6000 JavaThread "stderr" daemon [_thread_in_native, id=8608, stack(0x000000003a330000,0x000000003a430000)]
  0x000000002e2f9800 JavaThread "stdout" daemon [_thread_in_native, id=17336, stack(0x000000003a230000,0x000000003a330000)]
  0x000000002e2f2000 JavaThread "stderr" daemon [_thread_in_native, id=17340, stack(0x0000000039b00000,0x0000000039c00000)]
  0x000000002e2f5000 JavaThread "pool-11-thread-1" [_thread_blocked, id=17292, stack(0x0000000037890000,0x0000000037990000)]
  0x000000001bb40800 JavaThread "Cache worker for execution history cache (C:\Users\owner\AndroidStudioProjects\COMPASS\.gradle\6.5\executionHistory)" [_thread_blocked, id=16720, stack(0x0000000037170000,0x0000000037270000)]
  0x0000000037f6d800 JavaThread "Execution worker for ':' Thread 7" [_thread_blocked, id=16716, stack(0x0000000036830000,0x0000000036930000)]
  0x0000000037f6c000 JavaThread "Execution worker for ':' Thread 6" [_thread_blocked, id=16856, stack(0x0000000036730000,0x0000000036830000)]
  0x0000000037f6a000 JavaThread "Execution worker for ':' Thread 5" [_thread_blocked, id=16700, stack(0x0000000036370000,0x0000000036470000)]
  0x0000000037f6f000 JavaThread "Execution worker for ':' Thread 4" [_thread_blocked, id=16852, stack(0x0000000035df0000,0x0000000035ef0000)]
  0x0000000037f70800 JavaThread "Execution worker for ':' Thread 3" [_thread_blocked, id=16836, stack(0x0000000033cc0000,0x0000000033dc0000)]
  0x0000000037f6a800 JavaThread "Execution worker for ':' Thread 2" [_thread_blocked, id=16684, stack(0x00000000339c0000,0x0000000033ac0000)]
  0x0000000037f70000 JavaThread "Execution worker for ':'" [_thread_blocked, id=16656, stack(0x0000000033690000,0x0000000033790000)]
  0x0000000037f6b800 JavaThread "Cache worker for file content cache (C:\Users\owner\AndroidStudioProjects\COMPASS\.gradle\6.5\fileContent)" [_thread_blocked, id=17144, stack(0x0000000032480000,0x0000000032580000)]
  0x000000001cbe1800 JavaThread "Cache worker for Build Output Cleanup Cache (C:\Users\owner\AndroidStudioProjects\COMPASS\.gradle\buildOutputCleanup)" [_thread_blocked, id=16364, stack(0x0000000032380000,0x0000000032480000)]
  0x000000002239f800 JavaThread "Build operations Thread 8" [_thread_blocked, id=5148, stack(0x0000000029f50000,0x000000002a050000)]
  0x000000002239d800 JavaThread "Build operations Thread 7" [_thread_blocked, id=15808, stack(0x0000000029e50000,0x0000000029f50000)]
  0x00000000223a1000 JavaThread "Build operations Thread 6" [_thread_blocked, id=16116, stack(0x0000000029d50000,0x0000000029e50000)]
  0x000000002239f000 JavaThread "Build operations Thread 5" [_thread_blocked, id=15836, stack(0x0000000029850000,0x0000000029950000)]
  0x00000000224d6000 JavaThread "Build operations Thread 4" [_thread_blocked, id=16104, stack(0x0000000029750000,0x0000000029850000)]
  0x00000000224d8800 JavaThread "Build operations Thread 3" [_thread_blocked, id=15804, stack(0x0000000029650000,0x0000000029750000)]
  0x00000000224d7800 JavaThread "Build operations Thread 2" [_thread_blocked, id=16088, stack(0x00000000268b0000,0x00000000269b0000)]
  0x00000000224d5800 JavaThread "Build operations" [_thread_blocked, id=15788, stack(0x00000000265b0000,0x00000000266b0000)]
  0x00000000224d7000 JavaThread "Cache worker for cache directory md-rule (C:\Users\owner\.gradle\caches\6.5\md-rule)" [_thread_blocked, id=15744, stack(0x0000000023dc0000,0x0000000023ec0000)]
  0x00000000224d4800 JavaThread "Cache worker for cache directory md-supplier (C:\Users\owner\.gradle\caches\6.5\md-supplier)" [_thread_blocked, id=15696, stack(0x0000000023cc0000,0x0000000023dc0000)]
  0x00000000224d4000 JavaThread "Cache worker for checksums cache (C:\Users\owner\AndroidStudioProjects\COMPASS\.gradle\checksums)" [_thread_blocked, id=15724, stack(0x00000000239c0000,0x0000000023ac0000)]
  0x00000000224cd000 JavaThread "Cache worker for file hash cache (C:\Users\owner\AndroidStudioProjects\COMPASS\.gradle\6.5\fileHashes)" [_thread_blocked, id=19024, stack(0x000000001eb90000,0x000000001ec90000)]
  0x00000000224d1800 JavaThread "Thread-635" [_thread_blocked, id=19028, stack(0x000000001e690000,0x000000001e790000)]
  0x00000000224ce800 JavaThread "Asynchronous log dispatcher for DefaultDaemonConnection: socket connection from /127.0.0.1:51226 to /127.0.0.1:52406" [_thread_blocked, id=15660, stack(0x000000001dab0000,0x000000001dbb0000)]
  0x00000000224d1000 JavaThread "Daemon worker Thread 6" [_thread_blocked, id=16008, stack(0x000000001d9b0000,0x000000001dab0000)]
  0x00000000224d0000 JavaThread "Cancel handler" [_thread_blocked, id=15612, stack(0x0000000001370000,0x0000000001470000)]
  0x00000000224ce000 JavaThread "Handler for socket connection from /127.0.0.1:51226 to /127.0.0.1:52406" [_thread_in_native, id=15608, stack(0x0000000001270000,0x0000000001370000)]
  0x00000000224cf800 JavaThread "Daemon Thread 6" [_thread_blocked, id=16004, stack(0x0000000001170000,0x0000000001270000)]
  0x000000001c67e800 JavaThread "Memory manager" [_thread_blocked, id=8352, stack(0x000000001e190000,0x000000001e290000)]
  0x00000000221ab800 JavaThread "Cache worker for file content cache (C:\Users\owner\.gradle\caches\6.5\fileContent)" [_thread_blocked, id=6044, stack(0x0000000024bc0000,0x0000000024cc0000)]
  0x000000001c686000 JavaThread "Cache worker for execution history cache (C:\Users\owner\.gradle\caches\6.5\executionHistory)" [_thread_blocked, id=2292, stack(0x00000000242c0000,0x00000000243c0000)]
  0x000000001cbe3800 JavaThread "Cache worker for file hash cache (C:\Users\owner\.gradle\caches\6.5\fileHashes)" [_thread_blocked, id=11332, stack(0x000000001ecf0000,0x000000001edf0000)]
  0x000000001cbe5800 JavaThread "File lock request listener" [_thread_in_native, id=12804, stack(0x000000001ea90000,0x000000001eb90000)]
  0x000000001cba5800 JavaThread "Cache worker for journal cache (C:\Users\owner\.gradle\caches\journal-1)" [_thread_blocked, id=13752, stack(0x000000001e990000,0x000000001ea90000)]
  0x000000001ca38800 JavaThread "Daemon periodic checks" [_thread_blocked, id=11056, stack(0x000000001dd90000,0x000000001de90000)]
  0x000000001ca37800 JavaThread "Incoming local TCP Connector on port 51226" [_thread_in_native, id=15072, stack(0x000000001dbb0000,0x000000001dcb0000)]
  0x000000001c5ce800 JavaThread "Daemon health stats" [_thread_blocked, id=1504, stack(0x000000001d8b0000,0x000000001d9b0000)]
  0x000000001a17a000 JavaThread "Service Thread" daemon [_thread_blocked, id=8696, stack(0x000000001ad10000,0x000000001ae10000)]
  0x00000000182ac800 JavaThread "C1 CompilerThread3" daemon [_thread_blocked, id=13096, stack(0x000000001ac10000,0x000000001ad10000)]
  0x000000001a0f7000 JavaThread "C2 CompilerThread2" daemon [_thread_blocked, id=14392, stack(0x000000001ab10000,0x000000001ac10000)]
  0x000000001a0f2800 JavaThread "C2 CompilerThread1" daemon [_thread_blocked, id=15120, stack(0x000000001aa10000,0x000000001ab10000)]
  0x000000001a0f0800 JavaThread "C2 CompilerThread0" daemon [_thread_blocked, id=13564, stack(0x000000001a910000,0x000000001aa10000)]
  0x000000001a0ef800 JavaThread "Attach Listener" daemon [_thread_blocked, id=3328, stack(0x000000001a810000,0x000000001a910000)]
  0x000000001a0ad000 JavaThread "Signal Dispatcher" daemon [_thread_blocked, id=8592, stack(0x000000001a710000,0x000000001a810000)]
  0x000000000322e000 JavaThread "Finalizer" daemon [_thread_blocked, id=4160, stack(0x000000001a570000,0x000000001a670000)]
  0x0000000003227000 JavaThread "Reference Handler" daemon [_thread_blocked, id=5380, stack(0x000000001a470000,0x000000001a570000)]
  0x0000000000b9d800 JavaThread "main" [_thread_blocked, id=11252, stack(0x0000000002c10000,0x0000000002d10000)]

Other Threads:
=>0x0000000018296000 VMThread [stack: 0x0000000019f70000,0x000000001a070000] [id=2124]
  0x000000001a17a800 WatcherThread [stack: 0x000000001ae10000,0x000000001af10000] [id=1296]

VM state:at safepoint (normal execution)

VM Mutex/Monitor currently owned by a thread:  ([mutex/lock_event])
[0x0000000000b9d070] Threads_lock - owner thread: 0x0000000018296000
[0x0000000000b9cdf0] Heap_lock - owner thread: 0x0000000025607000

heap address: 0x0000000080000000, size: 2048 MB, Compressed Oops mode: 32-bit
Narrow klass base: 0x0000000000000000, Narrow klass shift: 3
Compressed class space size: 1073741824 Address: 0x0000000100000000

Heap:
 PSYoungGen      total 617472K, used 23215K [0x00000000d5580000, 0x00000000fff00000, 0x0000000100000000)
  eden space 539648K, 0% used [0x00000000d5580000,0x00000000d5580000,0x00000000f6480000)
  from space 77824K, 29% used [0x00000000f6480000,0x00000000f7b2bcb0,0x00000000fb080000)
  to   space 76288K, 0% used [0x00000000fb480000,0x00000000fb480000,0x00000000fff00000)
 ParOldGen       total 202240K, used 179938K [0x0000000080000000, 0x000000008c580000, 0x00000000d5580000)
  object space 202240K, 88% used [0x0000000080000000,0x000000008afb89b0,0x000000008c580000)
 Metaspace       used 190128K, capacity 201622K, committed 201932K, reserved 1224704K
  class space    used 24288K, capacity 26152K, committed 26316K, reserved 1048576K

Card table byte_map: [0x00000000125f0000,0x0000000012a00000] byte_map_base: 0x00000000121f0000

Marking Bits: (ParMarkBitMap*) 0x0000000068bbf030
 Begin Bits: [0x00000000134b0000, 0x00000000154b0000)
 End Bits:   [0x00000000154b0000, 0x00000000174b0000)

Polling page: 0x0000000001060000

CodeCache: size=245760Kb used=88365Kb max_used=88365Kb free=157394Kb
 bounds [0x0000000003230000, 0x0000000008900000, 0x0000000012230000]
 total_blobs=26254 nmethods=25254 adapters=910
 compilation: enabled

Compilation events (10 events):
Event: 18001.829 Thread 0x00000000182ac800 32956 %     3       com.android.tools.r8.ir.regalloc.SpillMoveSet::getMoveWithSource @ 7 (44 bytes)
Event: 18001.829 Thread 0x00000000182ac800 nmethod 32956% 0x00000000088f6610 code [0x00000000088f67c0, 0x00000000088f6d88]
Event: 18001.832 Thread 0x00000000182ac800 32957       2       com.android.tools.r8.ir.conversion.JarSourceCode$$Lambda$2382/1028994094::accept (19 bytes)
Event: 18001.832 Thread 0x00000000182ac800 nmethod 32957 0x00000000088f6f50 code [0x00000000088f70c0, 0x00000000088f72a8]
Event: 18001.846 Thread 0x00000000182ac800 32958       2       com.android.tools.r8.ir.code.ArrayLength::throwsNpeIfValueIsNull (14 bytes)
Event: 18001.846 Thread 0x00000000182ac800 nmethod 32958 0x00000000088f7410 code [0x00000000088f7580, 0x00000000088f7768]
Event: 18001.846 Thread 0x00000000182ac800 32959       3       com.android.tools.r8.ir.regalloc.SpillMoveSet::getMoveWithSource (44 bytes)
Event: 18001.846 Thread 0x00000000182ac800 nmethod 32959 0x00000000088f7850 code [0x00000000088f7a00, 0x00000000088f7f88]
Event: 18001.849 Thread 0x00000000182ac800 32960       3       com.android.tools.r8.ir.conversion.IRBuilder$ValueList::fromPhis (56 bytes)
Event: 18001.849 Thread 0x00000000182ac800 nmethod 32960 0x00000000088f8150 code [0x00000000088f8360, 0x00000000088f8e88]

GC Heap History (10 events):
Event: 17997.546 GC heap after
Heap after GC invocations=38 (full 5):
 PSYoungGen      total 508928K, used 66044K [0x00000000d5580000, 0x00000000f9a00000, 0x0000000100000000)
  eden space 442880K, 0% used [0x00000000d5580000,0x00000000d5580000,0x00000000f0600000)
  from space 66048K, 99% used [0x00000000f1d80000,0x00000000f5dff348,0x00000000f5e00000)
  to   space 61440K, 0% used [0x00000000f5e00000,0x00000000f5e00000,0x00000000f9a00000)
 ParOldGen       total 202240K, used 105779K [0x0000000080000000, 0x000000008c580000, 0x00000000d5580000)
  object space 202240K, 52% used [0x0000000080000000,0x000000008674cdb8,0x000000008c580000)
 Metaspace       used 189778K, capacity 201242K, committed 201420K, reserved 1224704K
  class space    used 24271K, capacity 26148K, committed 26316K, reserved 1048576K
}
Event: 17998.084 GC heap before
{Heap before GC invocations=39 (full 5):
 PSYoungGen      total 508928K, used 508924K [0x00000000d5580000, 0x00000000f9a00000, 0x0000000100000000)
  eden space 442880K, 100% used [0x00000000d5580000,0x00000000f0600000,0x00000000f0600000)
  from space 66048K, 99% used [0x00000000f1d80000,0x00000000f5dff348,0x00000000f5e00000)
  to   space 61440K, 0% used [0x00000000f5e00000,0x00000000f5e00000,0x00000000f9a00000)
 ParOldGen       total 202240K, used 105779K [0x0000000080000000, 0x000000008c580000, 0x00000000d5580000)
  object space 202240K, 52% used [0x0000000080000000,0x000000008674cdb8,0x000000008c580000)
 Metaspace       used 189931K, capacity 201390K, committed 201676K, reserved 1224704K
  class space    used 24283K, capacity 26150K, committed 26316K, reserved 1048576K
Event: 17998.171 GC heap after
Heap after GC invocations=39 (full 5):
 PSYoungGen      total 514560K, used 56517K [0x00000000d5580000, 0x0000000100000000, 0x0000000100000000)
  eden space 453120K, 0% used [0x00000000d5580000,0x00000000d5580000,0x00000000f1000000)
  from space 61440K, 91% used [0x00000000f5e00000,0x00000000f9531458,0x00000000f9a00000)
  to   space 79872K, 0% used [0x00000000f1000000,0x00000000f1000000,0x00000000f5e00000)
 ParOldGen       total 202240K, used 123513K [0x0000000080000000, 0x000000008c580000, 0x00000000d5580000)
  object space 202240K, 61% used [0x0000000080000000,0x000000008789e458,0x000000008c580000)
 Metaspace       used 189931K, capacity 201390K, committed 201676K, reserved 1224704K
  class space    used 24283K, capacity 26150K, committed 26316K, reserved 1048576K
}
Event: 17998.645 GC heap before
{Heap before GC invocations=40 (full 5):
 PSYoungGen      total 514560K, used 509637K [0x00000000d5580000, 0x0000000100000000, 0x0000000100000000)
  eden space 453120K, 100% used [0x00000000d5580000,0x00000000f1000000,0x00000000f1000000)
  from space 61440K, 91% used [0x00000000f5e00000,0x00000000f9531458,0x00000000f9a00000)
  to   space 79872K, 0% used [0x00000000f1000000,0x00000000f1000000,0x00000000f5e00000)
 ParOldGen       total 202240K, used 123513K [0x0000000080000000, 0x000000008c580000, 0x00000000d5580000)
  object space 202240K, 61% used [0x0000000080000000,0x000000008789e458,0x000000008c580000)
 Metaspace       used 190056K, capacity 201554K, committed 201932K, reserved 1224704K
  class space    used 24285K, capacity 26152K, committed 26316K, reserved 1048576K
Event: 17998.705 GC heap after
Heap after GC invocations=40 (full 5):
 PSYoungGen      total 532992K, used 48481K [0x00000000d5580000, 0x0000000100000000, 0x0000000100000000)
  eden space 453120K, 0% used [0x00000000d5580000,0x00000000d5580000,0x00000000f1000000)
  from space 79872K, 60% used [0x00000000f1000000,0x00000000f3f586b8,0x00000000f5e00000)
  to   space 79360K, 0% used [0x00000000fb280000,0x00000000fb280000,0x0000000100000000)
 ParOldGen       total 202240K, used 137383K [0x0000000080000000, 0x000000008c580000, 0x00000000d5580000)
  object space 202240K, 67% used [0x0000000080000000,0x0000000088629c28,0x000000008c580000)
 Metaspace       used 190056K, capacity 201554K, committed 201932K, reserved 1224704K
  class space    used 24285K, capacity 26152K, committed 26316K, reserved 1048576K
}
Event: 18000.584 GC heap before
{Heap before GC invocations=41 (full 5):
 PSYoungGen      total 532992K, used 501601K [0x00000000d5580000, 0x0000000100000000, 0x0000000100000000)
  eden space 453120K, 100% used [0x00000000d5580000,0x00000000f1000000,0x00000000f1000000)
  from space 79872K, 60% used [0x00000000f1000000,0x00000000f3f586b8,0x00000000f5e00000)
  to   space 79360K, 0% used [0x00000000fb280000,0x00000000fb280000,0x0000000100000000)
 ParOldGen       total 202240K, used 137383K [0x0000000080000000, 0x000000008c580000, 0x00000000d5580000)
  object space 202240K, 67% used [0x0000000080000000,0x0000000088629c28,0x000000008c580000)
 Metaspace       used 190074K, capacity 201554K, committed 201932K, reserved 1224704K
  class space    used 24286K, capacity 26152K, committed 26316K, reserved 1048576K
Event: 18000.637 GC heap after
Heap after GC invocations=41 (full 5):
 PSYoungGen      total 615424K, used 23321K [0x00000000d5580000, 0x00000000ffc80000, 0x0000000100000000)
  eden space 539648K, 0% used [0x00000000d5580000,0x00000000d5580000,0x00000000f6480000)
  from space 75776K, 30% used [0x00000000fb280000,0x00000000fc9467f8,0x00000000ffc80000)
  to   space 77824K, 0% used [0x00000000f6480000,0x00000000f6480000,0x00000000fb080000)
 ParOldGen       total 202240K, used 160113K [0x0000000080000000, 0x000000008c580000, 0x00000000d5580000)
  object space 202240K, 79% used [0x0000000080000000,0x0000000089c5c670,0x000000008c580000)
 Metaspace       used 190074K, capacity 201554K, committed 201932K, reserved 1224704K
  class space    used 24286K, capacity 26152K, committed 26316K, reserved 1048576K
}
Event: 18002.098 GC heap before
{Heap before GC invocations=42 (full 5):
 PSYoungGen      total 615424K, used 562969K [0x00000000d5580000, 0x00000000ffc80000, 0x0000000100000000)
  eden space 539648K, 100% used [0x00000000d5580000,0x00000000f6480000,0x00000000f6480000)
  from space 75776K, 30% used [0x00000000fb280000,0x00000000fc9467f8,0x00000000ffc80000)
  to   space 77824K, 0% used [0x00000000f6480000,0x00000000f6480000,0x00000000fb080000)
 ParOldGen       total 202240K, used 160113K [0x0000000080000000, 0x000000008c580000, 0x00000000d5580000)
  object space 202240K, 79% used [0x0000000080000000,0x0000000089c5c670,0x000000008c580000)
 Metaspace       used 190128K, capacity 201622K, committed 201932K, reserved 1224704K
  class space    used 24288K, capacity 26152K, committed 26316K, reserved 1048576K
Event: 18002.282 GC heap after
Heap after GC invocations=42 (full 5):
 PSYoungGen      total 617472K, used 23215K [0x00000000d5580000, 0x00000000fff00000, 0x0000000100000000)
  eden space 539648K, 0% used [0x00000000d5580000,0x00000000d5580000,0x00000000f6480000)
  from space 77824K, 29% used [0x00000000f6480000,0x00000000f7b2bcb0,0x00000000fb080000)
  to   space 76288K, 0% used [0x00000000fb480000,0x00000000fb480000,0x00000000fff00000)
 ParOldGen       total 202240K, used 179938K [0x0000000080000000, 0x000000008c580000, 0x00000000d5580000)
  object space 202240K, 88% used [0x0000000080000000,0x000000008afb89b0,0x000000008c580000)
 Metaspace       used 190128K, capacity 201622K, committed 201932K, reserved 1224704K
  class space    used 24288K, capacity 26152K, committed 26316K, reserved 1048576K
}
Event: 18002.282 GC heap before
{Heap before GC invocations=43 (full 6):
 PSYoungGen      total 617472K, used 23215K [0x00000000d5580000, 0x00000000fff00000, 0x0000000100000000)
  eden space 539648K, 0% used [0x00000000d5580000,0x00000000d5580000,0x00000000f6480000)
  from space 77824K, 29% used [0x00000000f6480000,0x00000000f7b2bcb0,0x00000000fb080000)
  to   space 76288K, 0% used [0x00000000fb480000,0x00000000fb480000,0x00000000fff00000)
 ParOldGen       total 202240K, used 179938K [0x0000000080000000, 0x000000008c580000, 0x00000000d5580000)
  object space 202240K, 88% used [0x0000000080000000,0x000000008afb89b0,0x000000008c580000)
 Metaspace       used 190128K, capacity 201622K, committed 201932K, reserved 1224704K
  class space    used 24288K, capacity 26152K, committed 26316K, reserved 1048576K

Deoptimization events (10 events):
Event: 18000.724 Thread 0x0000000025600800 Uncommon trap: reason=unstable_if action=reinterpret pc=0x00000000070aa144 method=com.android.tools.r8.dex.DexOutputBuffer.ensureSpaceFor(I)V @ 8
Event: 18000.732 Thread 0x0000000025607000 Uncommon trap: reason=unstable_if action=reinterpret pc=0x0000000008851ee0 method=com.android.tools.r8.ir.regalloc.LiveIntervals.getSplitCovering(I)Lcom/android/tools/r8/ir/regalloc/LiveIntervals; @ 155
Event: 18000.744 Thread 0x00000000255fe000 Uncommon trap: reason=array_check action=maybe_recompile pc=0x0000000007dd7fa4 method=java.util.TimSort.mergeHi(IIII)V @ 250
Event: 18000.758 Thread 0x00000000255ff800 Uncommon trap: reason=array_check action=maybe_recompile pc=0x000000000811f1d8 method=java.util.TimSort.mergeLo(IIII)V @ 212
Event: 18000.779 Thread 0x00000000255ff000 Uncommon trap: reason=class_check action=maybe_recompile pc=0x00000000087891ec method=com.android.tools.r8.ir.conversion.JarState$LocalsAtOffset.isLive(Lcom/android/tools/r8/ir/conversion/JarState$LocalNodeInfo;)Z @ 4
Event: 18000.779 Thread 0x00000000255ff000 Uncommon trap: reason=class_check action=maybe_recompile pc=0x00000000087891ec method=com.android.tools.r8.ir.conversion.JarState$LocalsAtOffset.isLive(Lcom/android/tools/r8/ir/conversion/JarState$LocalNodeInfo;)Z @ 4
Event: 18000.779 Thread 0x00000000255ff000 Uncommon trap: reason=class_check action=maybe_recompile pc=0x00000000087891ec method=com.android.tools.r8.ir.conversion.JarState$LocalsAtOffset.isLive(Lcom/android/tools/r8/ir/conversion/JarState$LocalNodeInfo;)Z @ 4
Event: 18000.779 Thread 0x00000000255ff000 Uncommon trap: reason=class_check action=maybe_recompile pc=0x00000000087891ec method=com.android.tools.r8.ir.conversion.JarState$LocalsAtOffset.isLive(Lcom/android/tools/r8/ir/conversion/JarState$LocalNodeInfo;)Z @ 4
Event: 18000.837 Thread 0x0000000025607000 Uncommon trap: reason=unstable_if action=reinterpret pc=0x00000000087a2428 method=com.android.tools.r8.it.unimi.dsi.fastutil.ints.Int2ReferenceOpenHashMap$MapEntrySet.contains(Ljava/lang/Object;)Z @ 184
Event: 18000.959 Thread 0x00000000255ff000 Uncommon trap: reason=unstable_if action=reinterpret pc=0x000000000854059c method=com.android.tools.r8.ir.code.Value.isDead(Lcom/android/tools/r8/graph/AppInfo;Ljava/util/Set;)Z @ 103

Classes redefined (0 events):
No events

Internal exceptions (10 events):
Event: 17984.495 Thread 0x0000000037f70800 Exception <a 'sun/nio/fs/WindowsException'> (0x00000000d58d7d48) thrown at [C:\src\AOSP-openjdk-git\hotspot\src\share\vm\prims\jni.cpp, line 710]
Event: 17984.495 Thread 0x0000000037f70800 Exception <a 'sun/nio/fs/WindowsException'> (0x00000000d58d9850) thrown at [C:\src\AOSP-openjdk-git\hotspot\src\share\vm\prims\jni.cpp, line 710]
Event: 17984.507 Thread 0x0000000037f70800 Exception <a 'sun/nio/fs/WindowsException'> (0x00000000d5908540) thrown at [C:\src\AOSP-openjdk-git\hotspot\src\share\vm\prims\jni.cpp, line 710]
Event: 17984.507 Thread 0x0000000037f70800 Exception <a 'sun/nio/fs/WindowsException'> (0x00000000d5908e48) thrown at [C:\src\AOSP-openjdk-git\hotspot\src\share\vm\prims\jni.cpp, line 710]
Event: 17984.507 Thread 0x0000000037f70800 Exception <a 'sun/nio/fs/WindowsException'> (0x00000000d590a950) thrown at [C:\src\AOSP-openjdk-git\hotspot\src\share\vm\prims\jni.cpp, line 710]
Event: 17984.512 Thread 0x0000000037f70800 Exception <a 'sun/nio/fs/WindowsException'> (0x00000000d5942000) thrown at [C:\src\AOSP-openjdk-git\hotspot\src\share\vm\prims\jni.cpp, line 710]
Event: 17984.513 Thread 0x0000000037f70800 Exception <a 'sun/nio/fs/WindowsException'> (0x00000000d5942908) thrown at [C:\src\AOSP-openjdk-git\hotspot\src\share\vm\prims\jni.cpp, line 710]
Event: 17984.513 Thread 0x0000000037f70800 Exception <a 'sun/nio/fs/WindowsException'> (0x00000000d5944410) thrown at [C:\src\AOSP-openjdk-git\hotspot\src\share\vm\prims\jni.cpp, line 710]
Event: 17998.607 Thread 0x00000000255ff000 Implicit null exception at 0x00000000033b88ca to 0x00000000033b896a
Event: 17998.608 Thread 0x00000000255ff000 Implicit null exception at 0x00000000049b280f to 0x00000000049b2981

Events (10 events):
Event: 18001.518 Thread 0x00000000255f9000 DEOPT UNPACKING pc=0x00000000032775d0 sp=0x000000002a64dc08 mode 0
Event: 18001.528 Executing VM operation: RevokeBias
Event: 18001.679 Executing VM operation: RevokeBias done
Event: 18001.679 Executing VM operation: RevokeBias
Event: 18001.680 Executing VM operation: RevokeBias done
Event: 18001.761 Thread 0x0000000025607000 DEOPT PACKING pc=0x000000000880aebe sp=0x000000002a74dcc0
Event: 18001.761 Thread 0x0000000025607000 DEOPT UNPACKING pc=0x00000000032775d0 sp=0x000000002a74da68 mode 0
Event: 18001.767 Thread 0x0000000025607000 DEOPT PACKING pc=0x00000000085fa3a8 sp=0x000000002a74dcd0
Event: 18001.767 Thread 0x0000000025607000 DEOPT UNPACKING pc=0x00000000032775d0 sp=0x000000002a74d9f8 mode 0
Event: 18001.852 Executing VM operation: ParallelGCFailedAllocation


Dynamic libraries:
0x00007ff656640000 - 0x00007ff656671000 	C:\Program Files\Android\Android Studio\jre\bin\java.exe
0x00007ffdc9e40000 - 0x00007ffdca030000 	C:\WINDOWS\SYSTEM32\ntdll.dll
0x00007ffdc8f10000 - 0x00007ffdc8fc2000 	C:\WINDOWS\System32\KERNEL32.DLL
0x00007ffdc7c40000 - 0x00007ffdc7ee5000 	C:\WINDOWS\System32\KERNELBASE.dll
0x00007ffdc9bb0000 - 0x00007ffdc9c53000 	C:\WINDOWS\System32\ADVAPI32.dll
0x00007ffdc96a0000 - 0x00007ffdc973e000 	C:\WINDOWS\System32\msvcrt.dll
0x00007ffdc8700000 - 0x00007ffdc8797000 	C:\WINDOWS\System32\sechost.dll
0x00007ffdc9170000 - 0x00007ffdc9290000 	C:\WINDOWS\System32\RPCRT4.dll
0x00007ffdc9c60000 - 0x00007ffdc9df4000 	C:\WINDOWS\System32\USER32.dll
0x00007ffdc7a70000 - 0x00007ffdc7a91000 	C:\WINDOWS\System32\win32u.dll
0x00007ffdc9490000 - 0x00007ffdc94b6000 	C:\WINDOWS\System32\GDI32.dll
0x00007ffdc7aa0000 - 0x00007ffdc7c36000 	C:\WINDOWS\System32\gdi32full.dll
0x00007ffdc78d0000 - 0x00007ffdc796e000 	C:\WINDOWS\System32\msvcp_win.dll
0x00007ffdc7970000 - 0x00007ffdc7a6a000 	C:\WINDOWS\System32\ucrtbase.dll
0x00007ffdbd900000 - 0x00007ffdbdb84000 	C:\WINDOWS\WinSxS\amd64_microsoft.windows.common-controls_6595b64144ccf1df_6.0.18362.1198_none_9e820b57e45ad92f\COMCTL32.dll
0x00007ffdc83c0000 - 0x00007ffdc86f5000 	C:\WINDOWS\System32\combase.dll
0x00007ffdc6dc0000 - 0x00007ffdc6e40000 	C:\WINDOWS\System32\bcryptPrimitives.dll
0x00007ffdc9740000 - 0x00007ffdc976e000 	C:\WINDOWS\System32\IMM32.DLL
0x0000000068230000 - 0x0000000068302000 	C:\Program Files\Android\Android Studio\jre\jre\bin\msvcr100.dll
0x00000000683f0000 - 0x0000000068c3b000 	C:\Program Files\Android\Android Studio\jre\jre\bin\server\jvm.dll
0x00007ffdc9290000 - 0x00007ffdc9298000 	C:\WINDOWS\System32\PSAPI.DLL
0x00007ffdc3970000 - 0x00007ffdc3994000 	C:\WINDOWS\SYSTEM32\WINMM.dll
0x00007ffdb6630000 - 0x00007ffdb6639000 	C:\WINDOWS\SYSTEM32\WSOCK32.dll
0x00007ffdc0240000 - 0x00007ffdc024a000 	C:\WINDOWS\SYSTEM32\VERSION.dll
0x00007ffdc94d0000 - 0x00007ffdc953f000 	C:\WINDOWS\System32\WS2_32.dll
0x00007ffdc3940000 - 0x00007ffdc396d000 	C:\WINDOWS\SYSTEM32\WINMMBASE.dll
0x00007ffdc7860000 - 0x00007ffdc78aa000 	C:\WINDOWS\System32\cfgmgr32.dll
0x00007ffdc3790000 - 0x00007ffdc379f000 	C:\Program Files\Android\Android Studio\jre\jre\bin\verify.dll
0x00007ffdbf340000 - 0x00007ffdbf369000 	C:\Program Files\Android\Android Studio\jre\jre\bin\java.dll
0x00007ffdb0400000 - 0x00007ffdb0416000 	C:\Program Files\Android\Android Studio\jre\jre\bin\zip.dll
0x00007ffdc87a0000 - 0x00007ffdc8e87000 	C:\WINDOWS\System32\SHELL32.dll
0x00007ffdc90c0000 - 0x00007ffdc9169000 	C:\WINDOWS\System32\shcore.dll
0x00007ffdc6f90000 - 0x00007ffdc7711000 	C:\WINDOWS\System32\windows.storage.dll
0x00007ffdc6d70000 - 0x00007ffdc6d93000 	C:\WINDOWS\System32\profapi.dll
0x00007ffdc6d20000 - 0x00007ffdc6d6a000 	C:\WINDOWS\System32\powrprof.dll
0x00007ffdc6cf0000 - 0x00007ffdc6d00000 	C:\WINDOWS\System32\UMPDC.dll
0x00007ffdc9990000 - 0x00007ffdc99e2000 	C:\WINDOWS\System32\shlwapi.dll
0x00007ffdc6d00000 - 0x00007ffdc6d11000 	C:\WINDOWS\System32\kernel.appcore.dll
0x00007ffdc78b0000 - 0x00007ffdc78c7000 	C:\WINDOWS\System32\cryptsp.dll
0x00007ffdb03e0000 - 0x00007ffdb03fa000 	C:\Program Files\Android\Android Studio\jre\jre\bin\net.dll
0x00007ffdc6540000 - 0x00007ffdc65a7000 	C:\WINDOWS\system32\mswsock.dll
0x00007ffdb0360000 - 0x00007ffdb0373000 	C:\Program Files\Android\Android Studio\jre\jre\bin\nio.dll
0x00007ffdb03b0000 - 0x00007ffdb03d7000 	C:\Users\owner\.gradle\native\f6784746aeab05261644944871eae4fe03e0ef1612fff0a4a95f87b438bc6780\windows-amd64\native-platform.dll
0x00007ffdc3740000 - 0x00007ffdc374d000 	C:\Program Files\Android\Android Studio\jre\jre\bin\management.dll
0x00007ffdc60b0000 - 0x00007ffdc60e3000 	C:\WINDOWS\system32\rsaenh.dll
0x00007ffdc7830000 - 0x00007ffdc7856000 	C:\WINDOWS\System32\bcrypt.dll
0x00007ffdc6c10000 - 0x00007ffdc6c35000 	C:\WINDOWS\SYSTEM32\USERENV.dll
0x00007ffdc6710000 - 0x00007ffdc671c000 	C:\WINDOWS\SYSTEM32\CRYPTBASE.dll
0x00007ffdc6250000 - 0x00007ffdc628a000 	C:\WINDOWS\SYSTEM32\IPHLPAPI.DLL
0x00007ffdc99f0000 - 0x00007ffdc99f8000 	C:\WINDOWS\System32\NSI.dll
0x00007ffdbffb0000 - 0x00007ffdbffc6000 	C:\WINDOWS\SYSTEM32\dhcpcsvc6.DLL
0x00007ffdbff60000 - 0x00007ffdbff7c000 	C:\WINDOWS\SYSTEM32\dhcpcsvc.DLL
0x00007ffdc6290000 - 0x00007ffdc635b000 	C:\WINDOWS\SYSTEM32\DNSAPI.dll
0x00007ffdc0230000 - 0x00007ffdc023b000 	C:\WINDOWS\SYSTEM32\WINNSI.DLL
0x00007ffda5350000 - 0x00007ffda5374000 	C:\Program Files\Android\Android Studio\jre\jre\bin\sunec.dll
0x00007ffdbe240000 - 0x00007ffdbe24a000 	C:\Windows\System32\rasadhlp.dll
0x00007ffdbef80000 - 0x00007ffdbeff7000 	C:\WINDOWS\System32\fwpuclnt.dll
0x00007ffdbca70000 - 0x00007ffdbca7b000 	C:\Program Files\Android\Android Studio\jre\jre\bin\sunmscapi.dll
0x00007ffdc6e40000 - 0x00007ffdc6f89000 	C:\WINDOWS\System32\CRYPT32.dll
0x00007ffdc6da0000 - 0x00007ffdc6db2000 	C:\WINDOWS\System32\MSASN1.dll
0x00007ffdc5d30000 - 0x00007ffdc5d61000 	C:\WINDOWS\SYSTEM32\ntmarta.dll
0x00007ffdb70a0000 - 0x00007ffdb70b6000 	C:\WINDOWS\system32\napinsp.dll
0x00007ffdb7080000 - 0x00007ffdb709a000 	C:\WINDOWS\system32\pnrpnsp.dll
0x00007ffdbf820000 - 0x00007ffdbf82e000 	C:\WINDOWS\System32\winrnr.dll
0x00007ffdc3640000 - 0x00007ffdc365c000 	C:\WINDOWS\system32\NLAapi.dll
0x00007ffda8a50000 - 0x00007ffda8a65000 	C:\WINDOWS\system32\wshbth.dll
0x00007ffdc4e50000 - 0x00007ffdc4edf000 	C:\WINDOWS\system32\apphelp.dll
0x00007ffd97e90000 - 0x00007ffd97eae000 	C:\Users\owner\AppData\Local\Temp\native-platform8380527738019076230dir\native-platform.dll
0x00007ffdb04b0000 - 0x00007ffdb06a4000 	C:\WINDOWS\SYSTEM32\dbghelp.dll

VM Arguments:
jvm_args: -Xmx2048m -Dfile.encoding=UTF-8 -Duser.country=JP -Duser.language=ja -Duser.variant 
java_command: org.gradle.launcher.daemon.bootstrap.GradleDaemon 6.5
java_class_path (initial): C:\Users\owner\.gradle\wrapper\dists\gradle-6.5-bin\6nifqtx7604sqp1q6g8wikw7p\gradle-6.5\lib\gradle-launcher-6.5.jar
Launcher Type: SUN_STANDARD

Environment Variables:
PATH=C:\ProgramData\Oracle\Java\javapath;C:\Windows\system32;C:\Windows;C:\Windows\System32\Wbem;C:\Windows\System32\WindowsPowerShell\v1.0\;C:\Program Files (x86)\NVIDIA Corporation\PhysX\Common;C:\WINDOWS\system32;C:\WINDOWS;C:\WINDOWS\System32\Wbem;C:\WINDOWS\System32\WindowsPowerShell\v1.0\;C:\WINDOWS\System32\OpenSSH\;C:\Program Files (x86)\Java\jdk1.8.0_191\bin;C:\Program Files\MySQL\MySQL Server 8.0\bin;C:\Program Files (x86)\Brackets\command;C:\Program Files\Git\cmd;C:\Users\owner\AppData\Local\Microsoft\WindowsApps;;C:\Users\owner\AppData\Local\Programs\Microsoft VS Code\bin
USERNAME=owner
OS=Windows_NT
PROCESSOR_IDENTIFIER=Intel64 Family 6 Model 94 Stepping 3, GenuineIntel



---------------  S Y S T E M  ---------------

OS: Windows 10.0 , 64 bit Build 18362 (10.0.18362.1110)

CPU:total 8 (initial active 8) (4 cores per cpu, 2 threads per core) family 6 model 94 stepping 3, cmov, cx8, fxsr, mmx, sse, sse2, sse3, ssse3, sse4.1, sse4.2, popcnt, avx, avx2, aes, clmul, erms, rtm, 3dnowpref, lzcnt, ht, tsc, tscinvbit, bmi1, bmi2, adx

Memory: 4k page, physical 8337096k(569528k free), swap 12793544k(1871344k free)

vm_info: OpenJDK 64-Bit Server VM (25.242-b01) for windows-amd64 JRE (1.8.0_242-release-1644-b01), built by "builder" with MS VC++ 10.0 (VS2010)

time: Mon Nov 23 03:51:11 2020
timezone: ìåãû (ïWèÄéû)
elapsed time: 18008 seconds (0d 5h 0m 8s)

